# JRE version: Java(TM) SE Runtime Environment (8.0_91-b14) (build 1.8.0_91-b14)
# Java VM: Java HotSpot(TM) 64-Bit Server VM (25.91-b14 mixed mode linux-amd64 compressed oops)
Heap:
 PSYoungGen      total 193024K, used 48215K [0x00000000d8100000, 0x00000000e5b00000, 0x0000000100000000)
  eden space 178176K, 18% used [0x00000000d8100000,0x00000000da1baa50,0x00000000e2f00000)
  from space 14848K, 99% used [0x00000000e4c80000,0x00000000e5adb340,0x00000000e5b00000)
  to   space 22528K, 0% used [0x00000000e2f00000,0x00000000e2f00000,0x00000000e4500000)
 ParOldGen       total 90624K, used 28842K [0x0000000088200000, 0x000000008da80000, 0x00000000d8100000)
  object space 90624K, 31% used [0x0000000088200000,0x0000000089e2a938,0x000000008da80000)
 Metaspace       used 22595K, capacity 22834K, committed 23040K, reserved 1069056K
  class space    used 2431K, capacity 2494K, committed 2560K, reserved 1048576K
GC Heap History (10 events):
Event: 7.313 GC heap before
{Heap before GC invocations=6 (full 1):
 PSYoungGen      total 66560K, used 61440K [0x00000000d8100000, 0x00000000dc700000, 0x0000000100000000)
  eden space 61440K, 100% used [0x00000000d8100000,0x00000000dbd00000,0x00000000dbd00000)
  from space 5120K, 0% used [0x00000000dc200000,0x00000000dc200000,0x00000000dc700000)
  to   space 5120K, 0% used [0x00000000dbd00000,0x00000000dbd00000,0x00000000dc200000)
 ParOldGen       total 46592K, used 7887K [0x0000000088200000, 0x000000008af80000, 0x00000000d8100000)
  object space 46592K, 16% used [0x0000000088200000,0x00000000889b3d58,0x000000008af80000)
 Metaspace       used 21338K, capacity 21544K, committed 21936K, reserved 1069056K
  class space    used 2377K, capacity 2455K, committed 2560K, reserved 1048576K
Event: 7.317 GC heap after
Heap after GC invocations=6 (full 1):
 PSYoungGen      total 66560K, used 4309K [0x00000000d8100000, 0x00000000dfe00000, 0x0000000100000000)
  eden space 61440K, 0% used [0x00000000d8100000,0x00000000d8100000,0x00000000dbd00000)
  from space 5120K, 84% used [0x00000000dbd00000,0x00000000dc135520,0x00000000dc200000)
  to   space 8704K, 0% used [0x00000000df580000,0x00000000df580000,0x00000000dfe00000)
 ParOldGen       total 46592K, used 13857K [0x0000000088200000, 0x000000008af80000, 0x00000000d8100000)
  object space 46592K, 29% used [0x0000000088200000,0x0000000088f88778,0x000000008af80000)
 Metaspace       used 21338K, capacity 21544K, committed 21936K, reserved 1069056K
  class space    used 2377K, capacity 2455K, committed 2560K, reserved 1048576K
}
Event: 8.439 GC heap before
{Heap before GC invocations=7 (full 1):
 PSYoungGen      total 66560K, used 65749K [0x00000000d8100000, 0x00000000dfe00000, 0x0000000100000000)
  eden space 61440K, 100% used [0x00000000d8100000,0x00000000dbd00000,0x00000000dbd00000)
  from space 5120K, 84% used [0x00000000dbd00000,0x00000000dc135520,0x00000000dc200000)
  to   space 8704K, 0% used [0x00000000df580000,0x00000000df580000,0x00000000dfe00000)
 ParOldGen       total 46592K, used 13857K [0x0000000088200000, 0x000000008af80000, 0x00000000d8100000)
  object space 46592K, 29% used [0x0000000088200000,0x0000000088f88778,0x000000008af80000)
 Metaspace       used 21543K, capacity 21760K, committed 22192K, reserved 1069056K
  class space    used 2379K, capacity 2459K, committed 2560K, reserved 1048576K
Event: 8.444 GC heap after
Heap after GC invocations=7 (full 1):
 PSYoungGen      total 115200K, used 6954K [0x00000000d8100000, 0x00000000dfc80000, 0x0000000100000000)
  eden space 108032K, 0% used [0x00000000d8100000,0x00000000d8100000,0x00000000dea80000)
  from space 7168K, 97% used [0x00000000df580000,0x00000000dfc4abb0,0x00000000dfc80000)
  to   space 9216K, 0% used [0x00000000dea80000,0x00000000dea80000,0x00000000df380000)
 ParOldGen       total 46592K, used 16847K [0x0000000088200000, 0x000000008af80000, 0x00000000d8100000)
  object space 46592K, 36% used [0x0000000088200000,0x0000000089273c88,0x000000008af80000)
 Metaspace       used 21543K, capacity 21760K, committed 22192K, reserved 1069056K
  class space    used 2379K, capacity 2459K, committed 2560K, reserved 1048576K
}
Event: 10.640 GC heap before
{Heap before GC invocations=8 (full 1):
 PSYoungGen      total 115200K, used 114986K [0x00000000d8100000, 0x00000000dfc80000, 0x0000000100000000)
  eden space 108032K, 100% used [0x00000000d8100000,0x00000000dea80000,0x00000000dea80000)
  from space 7168K, 97% used [0x00000000df580000,0x00000000dfc4abb0,0x00000000dfc80000)
  to   space 9216K, 0% used [0x00000000dea80000,0x00000000dea80000,0x00000000df380000)
 ParOldGen       total 46592K, used 16847K [0x0000000088200000, 0x000000008af80000, 0x00000000d8100000)
  object space 46592K, 36% used [0x0000000088200000,0x0000000089273c88,0x000000008af80000)
 Metaspace       used 21921K, capacity 22156K, committed 22448K, reserved 1069056K
  class space    used 2380K, capacity 2461K, committed 2560K, reserved 1048576K
Event: 10.654 GC heap after
Heap after GC invocations=8 (full 1):
 PSYoungGen      total 117248K, used 9197K [0x00000000d8100000, 0x00000000e6180000, 0x0000000100000000)
  eden space 108032K, 0% used [0x00000000d8100000,0x00000000d8100000,0x00000000dea80000)
  from space 9216K, 99% used [0x00000000dea80000,0x00000000df37b700,0x00000000df380000)
  to   space 21504K, 0% used [0x00000000e4c80000,0x00000000e4c80000,0x00000000e6180000)
 ParOldGen       total 46592K, used 38378K [0x0000000088200000, 0x000000008af80000, 0x00000000d8100000)
  object space 46592K, 82% used [0x0000000088200000,0x000000008a77a828,0x000000008af80000)
 Metaspace       used 21921K, capacity 22156K, committed 22448K, reserved 1069056K
  class space    used 2380K, capacity 2461K, committed 2560K, reserved 1048576K
}
Event: 10.654 GC heap before
{Heap before GC invocations=9 (full 2):
 PSYoungGen      total 117248K, used 9197K [0x00000000d8100000, 0x00000000e6180000, 0x0000000100000000)
  eden space 108032K, 0% used [0x00000000d8100000,0x00000000d8100000,0x00000000dea80000)
  from space 9216K, 99% used [0x00000000dea80000,0x00000000df37b700,0x00000000df380000)
  to   space 21504K, 0% used [0x00000000e4c80000,0x00000000e4c80000,0x00000000e6180000)
 ParOldGen       total 46592K, used 38378K [0x0000000088200000, 0x000000008af80000, 0x00000000d8100000)
  object space 46592K, 82% used [0x0000000088200000,0x000000008a77a828,0x000000008af80000)
 Metaspace       used 21921K, capacity 22156K, committed 22448K, reserved 1069056K
  class space    used 2380K, capacity 2461K, committed 2560K, reserved 1048576K
Event: 10.684 GC heap after
Heap after GC invocations=9 (full 2):
 PSYoungGen      total 117248K, used 0K [0x00000000d8100000, 0x00000000e6180000, 0x0000000100000000)
  eden space 108032K, 0% used [0x00000000d8100000,0x00000000d8100000,0x00000000dea80000)
  from space 9216K, 0% used [0x00000000dea80000,0x00000000dea80000,0x00000000df380000)
  to   space 21504K, 0% used [0x00000000e4c80000,0x00000000e4c80000,0x00000000e6180000)
 ParOldGen       total 90624K, used 28834K [0x0000000088200000, 0x000000008da80000, 0x00000000d8100000)
  object space 90624K, 31% used [0x0000000088200000,0x0000000089e28938,0x000000008da80000)
 Metaspace       used 21921K, capacity 22156K, committed 22448K, reserved 1069056K
  class space    used 2380K, capacity 2461K, committed 2560K, reserved 1048576K
}
Event: 35.154 GC heap before
{Heap before GC invocations=10 (full 2):
 PSYoungGen      total 117248K, used 108032K [0x00000000d8100000, 0x00000000e6180000, 0x0000000100000000)
  eden space 108032K, 100% used [0x00000000d8100000,0x00000000dea80000,0x00000000dea80000)
  from space 9216K, 0% used [0x00000000dea80000,0x00000000dea80000,0x00000000df380000)
  to   space 21504K, 0% used [0x00000000e4c80000,0x00000000e4c80000,0x00000000e6180000)
 ParOldGen       total 90624K, used 28834K [0x0000000088200000, 0x000000008da80000, 0x00000000d8100000)
  object space 90624K, 31% used [0x0000000088200000,0x0000000089e28938,0x000000008da80000)
 Metaspace       used 22580K, capacity 22834K, committed 23040K, reserved 1069056K
  class space    used 2431K, capacity 2494K, committed 2560K, reserved 1048576K
Event: 35.161 GC heap after
Heap after GC invocations=10 (full 2):
 PSYoungGen      total 193024K, used 14700K [0x00000000d8100000, 0x00000000e5b00000, 0x0000000100000000)
  eden space 178176K, 0% used [0x00000000d8100000,0x00000000d8100000,0x00000000e2f00000)
  from space 14848K, 99% used [0x00000000e4c80000,0x00000000e5adb340,0x00000000e5b00000)
  to   space 22528K, 0% used [0x00000000e2f00000,0x00000000e2f00000,0x00000000e4500000)
 ParOldGen       total 90624K, used 28842K [0x0000000088200000, 0x000000008da80000, 0x00000000d8100000)
  object space 90624K, 31% used [0x0000000088200000,0x0000000089e2a938,0x000000008da80000)
 Metaspace       used 22580K, capacity 22834K, committed 23040K, reserved 1069056K
  class space    used 2431K, capacity 2494K, committed 2560K, reserved 1048576K
}

